2019/10/19 16:33:11 [error] [exception.CHttpException.404] CHttpException: Unable to resolve the request "home". in C:\xampp\htdocs\Jdc_Blog\framework\web\CWebApplication.php:286
Stack trace:
#0 C:\xampp\htdocs\Jdc_Blog\framework\web\CWebApplication.php(141): CWebApplication->runController('home')
#1 C:\xampp\htdocs\Jdc_Blog\framework\base\CApplication.php(185): CWebApplication->processRequest()
#2 C:\xampp\htdocs\Jdc_Blog\index.php(17): CApplication->run()
#3 {main}
REQUEST_URI=/Jdc_Blog/home
---
2019/10/19 16:49:50 [warning] [application] Failed to set unsafe attribute "username" of "LoginForm".
in C:\xampp\htdocs\Jdc_Blog\protected\controllers\SiteController.php (92)
in C:\xampp\htdocs\Jdc_Blog\index.php (17)
2019/10/19 16:49:50 [error] [exception.CException] CException: Property "LoginForm.username" is not defined. in C:\xampp\htdocs\Jdc_Blog\framework\base\CComponent.php:130
Stack trace:
#0 C:\xampp\htdocs\Jdc_Blog\framework\web\helpers\CHtml.php(2760): CComponent->__get('username')
#1 C:\xampp\htdocs\Jdc_Blog\framework\web\helpers\CHtml.php(2483): CHtml::resolveValue(Object(LoginForm), 'username')
#2 C:\xampp\htdocs\Jdc_Blog\framework\web\helpers\CHtml.php(1540): CHtml::activeInputField('text', Object(LoginForm), 'username', Array)
#3 C:\xampp\htdocs\Jdc_Blog\framework\web\widgets\CActiveForm.php(792): CHtml::activeTextField(Object(LoginForm), 'username', Array)
#4 C:\xampp\htdocs\Jdc_Blog\protected\views\site\login.php(29): CActiveForm->textField(Object(LoginForm), 'username')
#5 C:\xampp\htdocs\Jdc_Blog\framework\web\CBaseController.php(126): require('C:\\xampp\\htdocs...')
#6 C:\xampp\htdocs\Jdc_Blog\framework\web\CBaseController.php(95): CBaseController->renderInternal('C:\\xampp\\htdocs...', Array, true)
#7 C:\xampp\htdocs\Jdc_Blog\framework\web\CController.php(872): CBaseController->renderFile('C:\\xampp\\htdocs...', Array, true)
#8 C:\xampp\htdocs\Jdc_Blog\framework\web\CController.php(785): CController->renderPartial('login', Array, true)
#9 C:\xampp\htdocs\Jdc_Blog\protected\controllers\SiteController.php(98): CController->render('login', Array)
#10 C:\xampp\htdocs\Jdc_Blog\framework\web\actions\CInlineAction.php(49): SiteController->actionLogin()
#11 C:\xampp\htdocs\Jdc_Blog\framework\web\CController.php(308): CInlineAction->runWithParams(Array)
#12 C:\xampp\htdocs\Jdc_Blog\framework\web\CController.php(286): CController->runAction(Object(CInlineAction))
#13 C:\xampp\htdocs\Jdc_Blog\framework\web\CController.php(265): CController->runActionWithFilters(Object(CInlineAction), Array)
#14 C:\xampp\htdocs\Jdc_Blog\framework\web\CWebApplication.php(282): CController->run('login')
#15 C:\xampp\htdocs\Jdc_Blog\framework\web\CWebApplication.php(141): CWebApplication->runController('site/login')
#16 C:\xampp\htdocs\Jdc_Blog\framework\base\CApplication.php(185): CWebApplication->processRequest()
#17 C:\xampp\htdocs\Jdc_Blog\index.php(17): CApplication->run()
#18 {main}
REQUEST_URI=/Jdc_Blog/site/login
HTTP_REFERER=http://localhost/Jdc_Blog/site/login
---
2019/10/19 17:08:31 [error] [exception.CException] CException: LoginController cannot find the requested view "login". in C:\xampp\htdocs\Jdc_Blog\framework\web\CController.php:881
Stack trace:
#0 C:\xampp\htdocs\Jdc_Blog\framework\web\CController.php(785): CController->renderPartial('login', Array, true)
#1 C:\xampp\htdocs\Jdc_Blog\protected\controllers\LoginController.php(39): CController->render('login', Array)
#2 C:\xampp\htdocs\Jdc_Blog\framework\web\actions\CInlineAction.php(49): LoginController->actionSignin()
#3 C:\xampp\htdocs\Jdc_Blog\framework\web\CController.php(308): CInlineAction->runWithParams(Array)
#4 C:\xampp\htdocs\Jdc_Blog\framework\web\CController.php(286): CController->runAction(Object(CInlineAction))
#5 C:\xampp\htdocs\Jdc_Blog\framework\web\CController.php(265): CController->runActionWithFilters(Object(CInlineAction), Array)
#6 C:\xampp\htdocs\Jdc_Blog\framework\web\CWebApplication.php(282): CController->run('Signin')
#7 C:\xampp\htdocs\Jdc_Blog\framework\web\CWebApplication.php(141): CWebApplication->runController('login/Signin')
#8 C:\xampp\htdocs\Jdc_Blog\framework\base\CApplication.php(185): CWebApplication->processRequest()
#9 C:\xampp\htdocs\Jdc_Blog\index.php(17): CApplication->run()
#10 {main}
REQUEST_URI=/Jdc_Blog/login/Signin
HTTP_REFERER=http://localhost/Jdc_Blog/contact
---
2019/10/19 17:09:32 [error] [php] Undefined variable: model (C:\xampp\htdocs\Jdc_Blog\protected\views\login\index.php:28)
Stack trace:
#0 C:\xampp\htdocs\Jdc_Blog\framework\web\CController.php(872): LoginController->renderFile()
#1 C:\xampp\htdocs\Jdc_Blog\framework\web\CController.php(785): LoginController->renderPartial()
#2 C:\xampp\htdocs\Jdc_Blog\protected\controllers\LoginController.php(14): LoginController->render()
#3 C:\xampp\htdocs\Jdc_Blog\framework\web\actions\CInlineAction.php(49): LoginController->actionIndex()
#4 C:\xampp\htdocs\Jdc_Blog\framework\web\CController.php(308): CInlineAction->runWithParams()
#5 C:\xampp\htdocs\Jdc_Blog\framework\web\CController.php(286): LoginController->runAction()
#6 C:\xampp\htdocs\Jdc_Blog\framework\web\CController.php(265): LoginController->runActionWithFilters()
#7 C:\xampp\htdocs\Jdc_Blog\framework\web\CWebApplication.php(282): LoginController->run()
#8 C:\xampp\htdocs\Jdc_Blog\framework\web\CWebApplication.php(141): CWebApplication->runController()
#9 C:\xampp\htdocs\Jdc_Blog\framework\base\CApplication.php(185): CWebApplication->processRequest()
#10 C:\xampp\htdocs\Jdc_Blog\index.php(17): CWebApplication->run()
REQUEST_URI=/Jdc_Blog/login
in C:\xampp\htdocs\Jdc_Blog\protected\views\login\index.php (28)
in C:\xampp\htdocs\Jdc_Blog\protected\controllers\LoginController.php (14)
in C:\xampp\htdocs\Jdc_Blog\index.php (17)
2019/10/19 17:10:38 [error] [php] Undefined variable: model (C:\xampp\htdocs\Jdc_Blog\protected\views\login\index.php:28)
Stack trace:
#0 C:\xampp\htdocs\Jdc_Blog\framework\web\CController.php(872): LoginController->renderFile()
#1 C:\xampp\htdocs\Jdc_Blog\framework\web\CController.php(785): LoginController->renderPartial()
#2 C:\xampp\htdocs\Jdc_Blog\protected\controllers\LoginController.php(14): LoginController->render()
#3 C:\xampp\htdocs\Jdc_Blog\framework\web\actions\CInlineAction.php(49): LoginController->actionIndex()
#4 C:\xampp\htdocs\Jdc_Blog\framework\web\CController.php(308): CInlineAction->runWithParams()
#5 C:\xampp\htdocs\Jdc_Blog\framework\web\CController.php(286): LoginController->runAction()
#6 C:\xampp\htdocs\Jdc_Blog\framework\web\CController.php(265): LoginController->runActionWithFilters()
#7 C:\xampp\htdocs\Jdc_Blog\framework\web\CWebApplication.php(282): LoginController->run()
#8 C:\xampp\htdocs\Jdc_Blog\framework\web\CWebApplication.php(141): CWebApplication->runController()
#9 C:\xampp\htdocs\Jdc_Blog\framework\base\CApplication.php(185): CWebApplication->processRequest()
#10 C:\xampp\htdocs\Jdc_Blog\index.php(17): CWebApplication->run()
REQUEST_URI=/Jdc_Blog/login
in C:\xampp\htdocs\Jdc_Blog\protected\views\login\index.php (28)
in C:\xampp\htdocs\Jdc_Blog\protected\controllers\LoginController.php (14)
in C:\xampp\htdocs\Jdc_Blog\index.php (17)
2019/10/19 17:12:34 [error] [php] Undefined variable: model (C:\xampp\htdocs\Jdc_Blog\protected\views\login\index.php:28)
Stack trace:
#0 C:\xampp\htdocs\Jdc_Blog\framework\web\CController.php(872): LoginController->renderFile()
#1 C:\xampp\htdocs\Jdc_Blog\framework\web\CController.php(785): LoginController->renderPartial()
#2 C:\xampp\htdocs\Jdc_Blog\protected\controllers\LoginController.php(15): LoginController->render()
#3 C:\xampp\htdocs\Jdc_Blog\framework\web\actions\CInlineAction.php(49): LoginController->actionIndex()
#4 C:\xampp\htdocs\Jdc_Blog\framework\web\CController.php(308): CInlineAction->runWithParams()
#5 C:\xampp\htdocs\Jdc_Blog\framework\web\CController.php(286): LoginController->runAction()
#6 C:\xampp\htdocs\Jdc_Blog\framework\web\CController.php(265): LoginController->runActionWithFilters()
#7 C:\xampp\htdocs\Jdc_Blog\framework\web\CWebApplication.php(282): LoginController->run()
#8 C:\xampp\htdocs\Jdc_Blog\framework\web\CWebApplication.php(141): CWebApplication->runController()
#9 C:\xampp\htdocs\Jdc_Blog\framework\base\CApplication.php(185): CWebApplication->processRequest()
#10 C:\xampp\htdocs\Jdc_Blog\index.php(17): CWebApplication->run()
REQUEST_URI=/Jdc_Blog/login
in C:\xampp\htdocs\Jdc_Blog\protected\views\login\index.php (28)
in C:\xampp\htdocs\Jdc_Blog\protected\controllers\LoginController.php (15)
in C:\xampp\htdocs\Jdc_Blog\index.php (17)
2019/10/19 17:17:14 [error] [php] Undefined variable: model (C:\xampp\htdocs\Jdc_Blog\protected\views\login\index.php:28)
Stack trace:
#0 C:\xampp\htdocs\Jdc_Blog\framework\web\CController.php(872): LoginController->renderFile()
#1 C:\xampp\htdocs\Jdc_Blog\framework\web\CController.php(785): LoginController->renderPartial()
#2 C:\xampp\htdocs\Jdc_Blog\protected\controllers\LoginController.php(15): LoginController->render()
#3 C:\xampp\htdocs\Jdc_Blog\framework\web\actions\CInlineAction.php(49): LoginController->actionIndex()
#4 C:\xampp\htdocs\Jdc_Blog\framework\web\CController.php(308): CInlineAction->runWithParams()
#5 C:\xampp\htdocs\Jdc_Blog\framework\web\CController.php(286): LoginController->runAction()
#6 C:\xampp\htdocs\Jdc_Blog\framework\web\CController.php(265): LoginController->runActionWithFilters()
#7 C:\xampp\htdocs\Jdc_Blog\framework\web\CWebApplication.php(282): LoginController->run()
#8 C:\xampp\htdocs\Jdc_Blog\framework\web\CWebApplication.php(141): CWebApplication->runController()
#9 C:\xampp\htdocs\Jdc_Blog\framework\base\CApplication.php(185): CWebApplication->processRequest()
#10 C:\xampp\htdocs\Jdc_Blog\index.php(17): CWebApplication->run()
REQUEST_URI=/Jdc_Blog/login
in C:\xampp\htdocs\Jdc_Blog\protected\views\login\index.php (28)
in C:\xampp\htdocs\Jdc_Blog\protected\controllers\LoginController.php (15)
in C:\xampp\htdocs\Jdc_Blog\index.php (17)
2019/10/19 17:18:30 [error] [php] Undefined variable: model (C:\xampp\htdocs\Jdc_Blog\protected\views\login\index.php:28)
Stack trace:
#0 C:\xampp\htdocs\Jdc_Blog\framework\web\CController.php(872): LoginController->renderFile()
#1 C:\xampp\htdocs\Jdc_Blog\framework\web\CController.php(785): LoginController->renderPartial()
#2 C:\xampp\htdocs\Jdc_Blog\protected\controllers\LoginController.php(15): LoginController->render()
#3 C:\xampp\htdocs\Jdc_Blog\framework\web\actions\CInlineAction.php(49): LoginController->actionIndex()
#4 C:\xampp\htdocs\Jdc_Blog\framework\web\CController.php(308): CInlineAction->runWithParams()
#5 C:\xampp\htdocs\Jdc_Blog\framework\web\CController.php(286): LoginController->runAction()
#6 C:\xampp\htdocs\Jdc_Blog\framework\web\CController.php(265): LoginController->runActionWithFilters()
#7 C:\xampp\htdocs\Jdc_Blog\framework\web\CWebApplication.php(282): LoginController->run()
#8 C:\xampp\htdocs\Jdc_Blog\framework\web\CWebApplication.php(141): CWebApplication->runController()
#9 C:\xampp\htdocs\Jdc_Blog\framework\base\CApplication.php(185): CWebApplication->processRequest()
#10 C:\xampp\htdocs\Jdc_Blog\index.php(17): CWebApplication->run()
REQUEST_URI=/Jdc_Blog/login
in C:\xampp\htdocs\Jdc_Blog\protected\views\login\index.php (28)
in C:\xampp\htdocs\Jdc_Blog\protected\controllers\LoginController.php (15)
in C:\xampp\htdocs\Jdc_Blog\index.php (17)
2019/10/19 17:19:51 [error] [php] Undefined variable: model (C:\xampp\htdocs\Jdc_Blog\protected\views\login\index.php:28)
Stack trace:
#0 C:\xampp\htdocs\Jdc_Blog\framework\web\CController.php(872): LoginController->renderFile()
#1 C:\xampp\htdocs\Jdc_Blog\framework\web\CController.php(785): LoginController->renderPartial()
#2 C:\xampp\htdocs\Jdc_Blog\protected\controllers\LoginController.php(31): LoginController->render()
#3 C:\xampp\htdocs\Jdc_Blog\framework\web\actions\CInlineAction.php(49): LoginController->actionIndex()
#4 C:\xampp\htdocs\Jdc_Blog\framework\web\CController.php(308): CInlineAction->runWithParams()
#5 C:\xampp\htdocs\Jdc_Blog\framework\web\CController.php(286): LoginController->runAction()
#6 C:\xampp\htdocs\Jdc_Blog\framework\web\CController.php(265): LoginController->runActionWithFilters()
#7 C:\xampp\htdocs\Jdc_Blog\framework\web\CWebApplication.php(282): LoginController->run()
#8 C:\xampp\htdocs\Jdc_Blog\framework\web\CWebApplication.php(141): CWebApplication->runController()
#9 C:\xampp\htdocs\Jdc_Blog\framework\base\CApplication.php(185): CWebApplication->processRequest()
#10 C:\xampp\htdocs\Jdc_Blog\index.php(17): CWebApplication->run()
REQUEST_URI=/Jdc_Blog/login
in C:\xampp\htdocs\Jdc_Blog\protected\views\login\index.php (28)
in C:\xampp\htdocs\Jdc_Blog\protected\controllers\LoginController.php (31)
in C:\xampp\htdocs\Jdc_Blog\index.php (17)
2019/10/19 17:21:18 [error] [php] Undefined variable: model (C:\xampp\htdocs\Jdc_Blog\protected\views\login\index.php:28)
Stack trace:
#0 C:\xampp\htdocs\Jdc_Blog\framework\web\CController.php(872): LoginController->renderFile()
#1 C:\xampp\htdocs\Jdc_Blog\framework\web\CController.php(785): LoginController->renderPartial()
#2 C:\xampp\htdocs\Jdc_Blog\protected\controllers\LoginController.php(17): LoginController->render()
#3 C:\xampp\htdocs\Jdc_Blog\framework\web\actions\CInlineAction.php(49): LoginController->actionIndex()
#4 C:\xampp\htdocs\Jdc_Blog\framework\web\CController.php(308): CInlineAction->runWithParams()
#5 C:\xampp\htdocs\Jdc_Blog\framework\web\CController.php(286): LoginController->runAction()
#6 C:\xampp\htdocs\Jdc_Blog\framework\web\CController.php(265): LoginController->runActionWithFilters()
#7 C:\xampp\htdocs\Jdc_Blog\framework\web\CWebApplication.php(282): LoginController->run()
#8 C:\xampp\htdocs\Jdc_Blog\framework\web\CWebApplication.php(141): CWebApplication->runController()
#9 C:\xampp\htdocs\Jdc_Blog\framework\base\CApplication.php(185): CWebApplication->processRequest()
#10 C:\xampp\htdocs\Jdc_Blog\index.php(17): CWebApplication->run()
REQUEST_URI=/Jdc_Blog/login
in C:\xampp\htdocs\Jdc_Blog\protected\views\login\index.php (28)
in C:\xampp\htdocs\Jdc_Blog\protected\controllers\LoginController.php (17)
in C:\xampp\htdocs\Jdc_Blog\index.php (17)
2019/10/19 17:22:59 [error] [php] Undefined variable: model (C:\xampp\htdocs\Jdc_Blog\protected\views\login\index.php:28)
Stack trace:
#0 C:\xampp\htdocs\Jdc_Blog\framework\web\CController.php(872): LoginController->renderFile()
#1 C:\xampp\htdocs\Jdc_Blog\framework\web\CController.php(785): LoginController->renderPartial()
#2 C:\xampp\htdocs\Jdc_Blog\protected\controllers\LoginController.php(17): LoginController->render()
#3 C:\xampp\htdocs\Jdc_Blog\framework\web\actions\CInlineAction.php(49): LoginController->actionIndex()
#4 C:\xampp\htdocs\Jdc_Blog\framework\web\CController.php(308): CInlineAction->runWithParams()
#5 C:\xampp\htdocs\Jdc_Blog\framework\web\CController.php(286): LoginController->runAction()
#6 C:\xampp\htdocs\Jdc_Blog\framework\web\CController.php(265): LoginController->runActionWithFilters()
#7 C:\xampp\htdocs\Jdc_Blog\framework\web\CWebApplication.php(282): LoginController->run()
#8 C:\xampp\htdocs\Jdc_Blog\framework\web\CWebApplication.php(141): CWebApplication->runController()
#9 C:\xampp\htdocs\Jdc_Blog\framework\base\CApplication.php(185): CWebApplication->processRequest()
#10 C:\xampp\htdocs\Jdc_Blog\index.php(17): CWebApplication->run()
REQUEST_URI=/Jdc_Blog/login
in C:\xampp\htdocs\Jdc_Blog\protected\views\login\index.php (28)
in C:\xampp\htdocs\Jdc_Blog\protected\controllers\LoginController.php (17)
in C:\xampp\htdocs\Jdc_Blog\index.php (17)
2019/10/19 17:23:23 [error] [php] Undefined variable: model (C:\xampp\htdocs\Jdc_Blog\protected\views\login\index.php:28)
Stack trace:
#0 C:\xampp\htdocs\Jdc_Blog\framework\web\CController.php(872): LoginController->renderFile()
#1 C:\xampp\htdocs\Jdc_Blog\framework\web\CController.php(785): LoginController->renderPartial()
#2 C:\xampp\htdocs\Jdc_Blog\protected\controllers\LoginController.php(17): LoginController->render()
#3 C:\xampp\htdocs\Jdc_Blog\framework\web\actions\CInlineAction.php(49): LoginController->actionIndex()
#4 C:\xampp\htdocs\Jdc_Blog\framework\web\CController.php(308): CInlineAction->runWithParams()
#5 C:\xampp\htdocs\Jdc_Blog\framework\web\CController.php(286): LoginController->runAction()
#6 C:\xampp\htdocs\Jdc_Blog\framework\web\CController.php(265): LoginController->runActionWithFilters()
#7 C:\xampp\htdocs\Jdc_Blog\framework\web\CWebApplication.php(282): LoginController->run()
#8 C:\xampp\htdocs\Jdc_Blog\framework\web\CWebApplication.php(141): CWebApplication->runController()
#9 C:\xampp\htdocs\Jdc_Blog\framework\base\CApplication.php(185): CWebApplication->processRequest()
#10 C:\xampp\htdocs\Jdc_Blog\index.php(17): CWebApplication->run()
REQUEST_URI=/Jdc_Blog/login
in C:\xampp\htdocs\Jdc_Blog\protected\views\login\index.php (28)
in C:\xampp\htdocs\Jdc_Blog\protected\controllers\LoginController.php (17)
in C:\xampp\htdocs\Jdc_Blog\index.php (17)
2019/10/19 17:35:45 [error] [exception.CHttpException.404] CHttpException: Unable to resolve the request "login". in C:\xampp\htdocs\Jdc_Blog\framework\web\CWebApplication.php:286
Stack trace:
#0 C:\xampp\htdocs\Jdc_Blog\framework\web\CWebApplication.php(141): CWebApplication->runController('login')
#1 C:\xampp\htdocs\Jdc_Blog\framework\base\CApplication.php(185): CWebApplication->processRequest()
#2 C:\xampp\htdocs\Jdc_Blog\index.php(17): CApplication->run()
#3 {main}
REQUEST_URI=/Jdc_Blog/login
---
2019/10/19 17:36:03 [error] [exception.CHttpException.404] CHttpException: Unable to resolve the request "login". in C:\xampp\htdocs\Jdc_Blog\framework\web\CWebApplication.php:286
Stack trace:
#0 C:\xampp\htdocs\Jdc_Blog\framework\web\CWebApplication.php(141): CWebApplication->runController('login')
#1 C:\xampp\htdocs\Jdc_Blog\framework\base\CApplication.php(185): CWebApplication->processRequest()
#2 C:\xampp\htdocs\Jdc_Blog\index.php(17): CApplication->run()
#3 {main}
REQUEST_URI=/Jdc_Blog/login
HTTP_REFERER=http://localhost/Jdc_Blog/
---
2019/10/19 17:38:45 [error] [exception.CHttpException.404] CHttpException: Unable to resolve the request "login". in C:\xampp\htdocs\Jdc_Blog\framework\web\CWebApplication.php:286
Stack trace:
#0 C:\xampp\htdocs\Jdc_Blog\framework\web\CWebApplication.php(141): CWebApplication->runController('login')
#1 C:\xampp\htdocs\Jdc_Blog\framework\base\CApplication.php(185): CWebApplication->processRequest()
#2 C:\xampp\htdocs\Jdc_Blog\index.php(17): CApplication->run()
#3 {main}
REQUEST_URI=/Jdc_Blog/login
---
2019/10/19 17:39:20 [error] [exception.CHttpException.404] CHttpException: Unable to resolve the request "login". in C:\xampp\htdocs\Jdc_Blog\framework\web\CWebApplication.php:286
Stack trace:
#0 C:\xampp\htdocs\Jdc_Blog\framework\web\CWebApplication.php(141): CWebApplication->runController('login')
#1 C:\xampp\htdocs\Jdc_Blog\framework\base\CApplication.php(185): CWebApplication->processRequest()
#2 C:\xampp\htdocs\Jdc_Blog\index.php(17): CApplication->run()
#3 {main}
REQUEST_URI=/Jdc_Blog/login
HTTP_REFERER=http://localhost/Jdc_Blog/contact
---
2019/10/19 17:39:59 [error] [exception.CHttpException.404] CHttpException: Unable to resolve the request "login". in C:\xampp\htdocs\Jdc_Blog\framework\web\CWebApplication.php:286
Stack trace:
#0 C:\xampp\htdocs\Jdc_Blog\framework\web\CWebApplication.php(141): CWebApplication->runController('login')
#1 C:\xampp\htdocs\Jdc_Blog\framework\base\CApplication.php(185): CWebApplication->processRequest()
#2 C:\xampp\htdocs\Jdc_Blog\index.php(17): CApplication->run()
#3 {main}
REQUEST_URI=/Jdc_Blog/login
---
2019/10/19 17:40:37 [error] [php] Undefined variable: model (C:\xampp\htdocs\Jdc_Blog\protected\views\login\index.php:20)
Stack trace:
#0 C:\xampp\htdocs\Jdc_Blog\framework\web\CController.php(872): LoginController->renderFile()
#1 C:\xampp\htdocs\Jdc_Blog\framework\web\CController.php(785): LoginController->renderPartial()
#2 C:\xampp\htdocs\Jdc_Blog\protected\controllers\LoginController.php(7): LoginController->render()
#3 C:\xampp\htdocs\Jdc_Blog\framework\web\actions\CInlineAction.php(49): LoginController->actionIndex()
#4 C:\xampp\htdocs\Jdc_Blog\framework\web\CController.php(308): CInlineAction->runWithParams()
#5 C:\xampp\htdocs\Jdc_Blog\framework\web\CController.php(286): LoginController->runAction()
#6 C:\xampp\htdocs\Jdc_Blog\framework\web\CController.php(265): LoginController->runActionWithFilters()
#7 C:\xampp\htdocs\Jdc_Blog\framework\web\CWebApplication.php(282): LoginController->run()
#8 C:\xampp\htdocs\Jdc_Blog\framework\web\CWebApplication.php(141): CWebApplication->runController()
#9 C:\xampp\htdocs\Jdc_Blog\framework\base\CApplication.php(185): CWebApplication->processRequest()
#10 C:\xampp\htdocs\Jdc_Blog\index.php(17): CWebApplication->run()
REQUEST_URI=/Jdc_Blog/login
in C:\xampp\htdocs\Jdc_Blog\protected\views\login\index.php (20)
in C:\xampp\htdocs\Jdc_Blog\protected\controllers\LoginController.php (7)
in C:\xampp\htdocs\Jdc_Blog\index.php (17)
2019/10/19 17:41:12 [error] [php] Undefined variable: model (C:\xampp\htdocs\Jdc_Blog\protected\views\login\index.php:20)
Stack trace:
#0 C:\xampp\htdocs\Jdc_Blog\framework\web\CController.php(872): LoginController->renderFile()
#1 C:\xampp\htdocs\Jdc_Blog\framework\web\CController.php(785): LoginController->renderPartial()
#2 C:\xampp\htdocs\Jdc_Blog\protected\controllers\LoginController.php(7): LoginController->render()
#3 C:\xampp\htdocs\Jdc_Blog\framework\web\actions\CInlineAction.php(49): LoginController->actionIndex()
#4 C:\xampp\htdocs\Jdc_Blog\framework\web\CController.php(308): CInlineAction->runWithParams()
#5 C:\xampp\htdocs\Jdc_Blog\framework\web\CController.php(286): LoginController->runAction()
#6 C:\xampp\htdocs\Jdc_Blog\framework\web\CController.php(265): LoginController->runActionWithFilters()
#7 C:\xampp\htdocs\Jdc_Blog\framework\web\CWebApplication.php(282): LoginController->run()
#8 C:\xampp\htdocs\Jdc_Blog\framework\web\CWebApplication.php(141): CWebApplication->runController()
#9 C:\xampp\htdocs\Jdc_Blog\framework\base\CApplication.php(185): CWebApplication->processRequest()
#10 C:\xampp\htdocs\Jdc_Blog\index.php(17): CWebApplication->run()
REQUEST_URI=/Jdc_Blog/login
in C:\xampp\htdocs\Jdc_Blog\protected\views\login\index.php (20)
in C:\xampp\htdocs\Jdc_Blog\protected\controllers\LoginController.php (7)
in C:\xampp\htdocs\Jdc_Blog\index.php (17)
2019/10/19 17:42:12 [error] [exception.CException] CException: LoginController has an extra endWidget() call in its view. in C:\xampp\htdocs\Jdc_Blog\framework\web\CBaseController.php:219
Stack trace:
#0 C:\xampp\htdocs\Jdc_Blog\protected\views\login\index.php(16): CBaseController->endWidget()
#1 C:\xampp\htdocs\Jdc_Blog\framework\web\CBaseController.php(126): require('C:\\xampp\\htdocs...')
#2 C:\xampp\htdocs\Jdc_Blog\framework\web\CBaseController.php(95): CBaseController->renderInternal('C:\\xampp\\htdocs...', NULL, true)
#3 C:\xampp\htdocs\Jdc_Blog\framework\web\CController.php(872): CBaseController->renderFile('C:\\xampp\\htdocs...', NULL, true)
#4 C:\xampp\htdocs\Jdc_Blog\framework\web\CController.php(785): CController->renderPartial('index', NULL, true)
#5 C:\xampp\htdocs\Jdc_Blog\protected\controllers\LoginController.php(7): CController->render('index')
#6 C:\xampp\htdocs\Jdc_Blog\framework\web\actions\CInlineAction.php(49): LoginController->actionIndex()
#7 C:\xampp\htdocs\Jdc_Blog\framework\web\CController.php(308): CInlineAction->runWithParams(Array)
#8 C:\xampp\htdocs\Jdc_Blog\framework\web\CController.php(286): CController->runAction(Object(CInlineAction))
#9 C:\xampp\htdocs\Jdc_Blog\framework\web\CController.php(265): CController->runActionWithFilters(Object(CInlineAction), Array)
#10 C:\xampp\htdocs\Jdc_Blog\framework\web\CWebApplication.php(282): CController->run('')
#11 C:\xampp\htdocs\Jdc_Blog\framework\web\CWebApplication.php(141): CWebApplication->runController('login')
#12 C:\xampp\htdocs\Jdc_Blog\framework\base\CApplication.php(185): CWebApplication->processRequest()
#13 C:\xampp\htdocs\Jdc_Blog\index.php(17): CApplication->run()
#14 {main}
REQUEST_URI=/Jdc_Blog/login
---
2019/10/19 17:45:31 [error] [php] Undefined variable: model (C:\xampp\htdocs\Jdc_Blog\protected\views\login\index.php:20)
Stack trace:
#0 C:\xampp\htdocs\Jdc_Blog\framework\web\CController.php(872): LoginController->renderFile()
#1 C:\xampp\htdocs\Jdc_Blog\framework\web\CController.php(785): LoginController->renderPartial()
#2 C:\xampp\htdocs\Jdc_Blog\protected\controllers\LoginController.php(7): LoginController->render()
#3 C:\xampp\htdocs\Jdc_Blog\framework\web\actions\CInlineAction.php(49): LoginController->actionIndex()
#4 C:\xampp\htdocs\Jdc_Blog\framework\web\CController.php(308): CInlineAction->runWithParams()
#5 C:\xampp\htdocs\Jdc_Blog\framework\web\CController.php(286): LoginController->runAction()
#6 C:\xampp\htdocs\Jdc_Blog\framework\web\CController.php(265): LoginController->runActionWithFilters()
#7 C:\xampp\htdocs\Jdc_Blog\framework\web\CWebApplication.php(282): LoginController->run()
#8 C:\xampp\htdocs\Jdc_Blog\framework\web\CWebApplication.php(141): CWebApplication->runController()
#9 C:\xampp\htdocs\Jdc_Blog\framework\base\CApplication.php(185): CWebApplication->processRequest()
#10 C:\xampp\htdocs\Jdc_Blog\index.php(17): CWebApplication->run()
REQUEST_URI=/Jdc_Blog/login
in C:\xampp\htdocs\Jdc_Blog\protected\views\login\index.php (20)
in C:\xampp\htdocs\Jdc_Blog\protected\controllers\LoginController.php (7)
in C:\xampp\htdocs\Jdc_Blog\index.php (17)
2019/10/19 17:45:58 [error] [php] Undefined variable: model (C:\xampp\htdocs\Jdc_Blog\protected\views\login\index.php:20)
Stack trace:
#0 C:\xampp\htdocs\Jdc_Blog\framework\web\CController.php(872): LoginController->renderFile()
#1 C:\xampp\htdocs\Jdc_Blog\framework\web\CController.php(785): LoginController->renderPartial()
#2 C:\xampp\htdocs\Jdc_Blog\protected\controllers\LoginController.php(7): LoginController->render()
#3 C:\xampp\htdocs\Jdc_Blog\framework\web\actions\CInlineAction.php(49): LoginController->actionIndex()
#4 C:\xampp\htdocs\Jdc_Blog\framework\web\CController.php(308): CInlineAction->runWithParams()
#5 C:\xampp\htdocs\Jdc_Blog\framework\web\CController.php(286): LoginController->runAction()
#6 C:\xampp\htdocs\Jdc_Blog\framework\web\CController.php(265): LoginController->runActionWithFilters()
#7 C:\xampp\htdocs\Jdc_Blog\framework\web\CWebApplication.php(282): LoginController->run()
#8 C:\xampp\htdocs\Jdc_Blog\framework\web\CWebApplication.php(141): CWebApplication->runController()
#9 C:\xampp\htdocs\Jdc_Blog\framework\base\CApplication.php(185): CWebApplication->processRequest()
#10 C:\xampp\htdocs\Jdc_Blog\index.php(17): CWebApplication->run()
REQUEST_URI=/Jdc_Blog/login
in C:\xampp\htdocs\Jdc_Blog\protected\views\login\index.php (20)
in C:\xampp\htdocs\Jdc_Blog\protected\controllers\LoginController.php (7)
in C:\xampp\htdocs\Jdc_Blog\index.php (17)
2019/10/19 18:04:36 [error] [exception.ParseError] ParseError: syntax error, unexpected 'endif' (T_ENDIF), expecting end of file in C:\xampp\htdocs\Jdc_Blog\protected\views\register\index.php:86
Stack trace:
#0 C:\xampp\htdocs\Jdc_Blog\framework\web\CBaseController.php(95): CBaseController->renderInternal('C:\\xampp\\htdocs...', NULL, true)
#1 C:\xampp\htdocs\Jdc_Blog\framework\web\CController.php(872): CBaseController->renderFile('C:\\xampp\\htdocs...', NULL, true)
#2 C:\xampp\htdocs\Jdc_Blog\framework\web\CController.php(785): CController->renderPartial('index', NULL, true)
#3 C:\xampp\htdocs\Jdc_Blog\protected\controllers\RegisterController.php(14): CController->render('index')
#4 C:\xampp\htdocs\Jdc_Blog\framework\web\actions\CInlineAction.php(49): RegisterController->actionIndex()
#5 C:\xampp\htdocs\Jdc_Blog\framework\web\CController.php(308): CInlineAction->runWithParams(Array)
#6 C:\xampp\htdocs\Jdc_Blog\framework\web\CController.php(286): CController->runAction(Object(CInlineAction))
#7 C:\xampp\htdocs\Jdc_Blog\framework\web\CController.php(265): CController->runActionWithFilters(Object(CInlineAction), Array)
#8 C:\xampp\htdocs\Jdc_Blog\framework\web\CWebApplication.php(282): CController->run('')
#9 C:\xampp\htdocs\Jdc_Blog\framework\web\CWebApplication.php(141): CWebApplication->runController('register')
#10 C:\xampp\htdocs\Jdc_Blog\framework\base\CApplication.php(185): CWebApplication->processRequest()
#11 C:\xampp\htdocs\Jdc_Blog\index.php(17): CApplication->run()
#12 {main}
REQUEST_URI=/Jdc_Blog/register
HTTP_REFERER=http://localhost/Jdc_Blog/contact
---
2019/10/19 18:05:22 [error] [exception.ParseError] ParseError: syntax error, unexpected 'endif' (T_ENDIF), expecting end of file in C:\xampp\htdocs\Jdc_Blog\protected\views\register\index.php:80
Stack trace:
#0 C:\xampp\htdocs\Jdc_Blog\framework\web\CBaseController.php(95): CBaseController->renderInternal('C:\\xampp\\htdocs...', NULL, true)
#1 C:\xampp\htdocs\Jdc_Blog\framework\web\CController.php(872): CBaseController->renderFile('C:\\xampp\\htdocs...', NULL, true)
#2 C:\xampp\htdocs\Jdc_Blog\framework\web\CController.php(785): CController->renderPartial('index', NULL, true)
#3 C:\xampp\htdocs\Jdc_Blog\protected\controllers\RegisterController.php(14): CController->render('index')
#4 C:\xampp\htdocs\Jdc_Blog\framework\web\actions\CInlineAction.php(49): RegisterController->actionIndex()
#5 C:\xampp\htdocs\Jdc_Blog\framework\web\CController.php(308): CInlineAction->runWithParams(Array)
#6 C:\xampp\htdocs\Jdc_Blog\framework\web\CController.php(286): CController->runAction(Object(CInlineAction))
#7 C:\xampp\htdocs\Jdc_Blog\framework\web\CController.php(265): CController->runActionWithFilters(Object(CInlineAction), Array)
#8 C:\xampp\htdocs\Jdc_Blog\framework\web\CWebApplication.php(282): CController->run('')
#9 C:\xampp\htdocs\Jdc_Blog\framework\web\CWebApplication.php(141): CWebApplication->runController('register')
#10 C:\xampp\htdocs\Jdc_Blog\framework\base\CApplication.php(185): CWebApplication->processRequest()
#11 C:\xampp\htdocs\Jdc_Blog\index.php(17): CApplication->run()
#12 {main}
REQUEST_URI=/Jdc_Blog/register
---
2019/10/19 18:06:44 [error] [exception.ParseError] ParseError: syntax error, unexpected 'endif' (T_ENDIF), expecting end of file in C:\xampp\htdocs\Jdc_Blog\protected\views\register\index.php:80
Stack trace:
#0 C:\xampp\htdocs\Jdc_Blog\framework\web\CBaseController.php(95): CBaseController->renderInternal('C:\\xampp\\htdocs...', NULL, true)
#1 C:\xampp\htdocs\Jdc_Blog\framework\web\CController.php(872): CBaseController->renderFile('C:\\xampp\\htdocs...', NULL, true)
#2 C:\xampp\htdocs\Jdc_Blog\framework\web\CController.php(785): CController->renderPartial('index', NULL, true)
#3 C:\xampp\htdocs\Jdc_Blog\protected\controllers\RegisterController.php(30): CController->render('index')
#4 C:\xampp\htdocs\Jdc_Blog\framework\web\actions\CInlineAction.php(49): RegisterController->actionIndex()
#5 C:\xampp\htdocs\Jdc_Blog\framework\web\CController.php(308): CInlineAction->runWithParams(Array)
#6 C:\xampp\htdocs\Jdc_Blog\framework\web\CController.php(286): CController->runAction(Object(CInlineAction))
#7 C:\xampp\htdocs\Jdc_Blog\framework\web\CController.php(265): CController->runActionWithFilters(Object(CInlineAction), Array)
#8 C:\xampp\htdocs\Jdc_Blog\framework\web\CWebApplication.php(282): CController->run('')
#9 C:\xampp\htdocs\Jdc_Blog\framework\web\CWebApplication.php(141): CWebApplication->runController('register')
#10 C:\xampp\htdocs\Jdc_Blog\framework\base\CApplication.php(185): CWebApplication->processRequest()
#11 C:\xampp\htdocs\Jdc_Blog\index.php(17): CApplication->run()
#12 {main}
REQUEST_URI=/Jdc_Blog/register
---
2019/10/19 18:08:58 [error] [exception.ParseError] ParseError: syntax error, unexpected 'endif' (T_ENDIF), expecting end of file in C:\xampp\htdocs\Jdc_Blog\protected\views\register\index.php:80
Stack trace:
#0 C:\xampp\htdocs\Jdc_Blog\framework\web\CBaseController.php(95): CBaseController->renderInternal('C:\\xampp\\htdocs...', NULL, true)
#1 C:\xampp\htdocs\Jdc_Blog\framework\web\CController.php(872): CBaseController->renderFile('C:\\xampp\\htdocs...', NULL, true)
#2 C:\xampp\htdocs\Jdc_Blog\framework\web\CController.php(785): CController->renderPartial('index', NULL, true)
#3 C:\xampp\htdocs\Jdc_Blog\protected\controllers\RegisterController.php(30): CController->render('index')
#4 C:\xampp\htdocs\Jdc_Blog\framework\web\actions\CInlineAction.php(49): RegisterController->actionIndex()
#5 C:\xampp\htdocs\Jdc_Blog\framework\web\CController.php(308): CInlineAction->runWithParams(Array)
#6 C:\xampp\htdocs\Jdc_Blog\framework\web\CController.php(286): CController->runAction(Object(CInlineAction))
#7 C:\xampp\htdocs\Jdc_Blog\framework\web\CController.php(265): CController->runActionWithFilters(Object(CInlineAction), Array)
#8 C:\xampp\htdocs\Jdc_Blog\framework\web\CWebApplication.php(282): CController->run('')
#9 C:\xampp\htdocs\Jdc_Blog\framework\web\CWebApplication.php(141): CWebApplication->runController('register')
#10 C:\xampp\htdocs\Jdc_Blog\framework\base\CApplication.php(185): CWebApplication->processRequest()
#11 C:\xampp\htdocs\Jdc_Blog\index.php(17): CApplication->run()
#12 {main}
REQUEST_URI=/Jdc_Blog/register
---
2019/10/19 18:09:30 [error] [php] Undefined variable: model (C:\xampp\htdocs\Jdc_Blog\protected\views\register\index.php:32)
Stack trace:
#0 C:\xampp\htdocs\Jdc_Blog\framework\web\CController.php(872): RegisterController->renderFile()
#1 C:\xampp\htdocs\Jdc_Blog\framework\web\CController.php(785): RegisterController->renderPartial()
#2 C:\xampp\htdocs\Jdc_Blog\protected\controllers\RegisterController.php(30): RegisterController->render()
#3 C:\xampp\htdocs\Jdc_Blog\framework\web\actions\CInlineAction.php(49): RegisterController->actionIndex()
#4 C:\xampp\htdocs\Jdc_Blog\framework\web\CController.php(308): CInlineAction->runWithParams()
#5 C:\xampp\htdocs\Jdc_Blog\framework\web\CController.php(286): RegisterController->runAction()
#6 C:\xampp\htdocs\Jdc_Blog\framework\web\CController.php(265): RegisterController->runActionWithFilters()
#7 C:\xampp\htdocs\Jdc_Blog\framework\web\CWebApplication.php(282): RegisterController->run()
#8 C:\xampp\htdocs\Jdc_Blog\framework\web\CWebApplication.php(141): CWebApplication->runController()
#9 C:\xampp\htdocs\Jdc_Blog\framework\base\CApplication.php(185): CWebApplication->processRequest()
#10 C:\xampp\htdocs\Jdc_Blog\index.php(17): CWebApplication->run()
REQUEST_URI=/Jdc_Blog/register
in C:\xampp\htdocs\Jdc_Blog\protected\views\register\index.php (32)
in C:\xampp\htdocs\Jdc_Blog\protected\controllers\RegisterController.php (30)
in C:\xampp\htdocs\Jdc_Blog\index.php (17)
2019/10/19 18:10:23 [error] [php] Undefined variable: model (C:\xampp\htdocs\Jdc_Blog\protected\controllers\RegisterController.php:31)
Stack trace:
#0 C:\xampp\htdocs\Jdc_Blog\framework\web\CController.php(286): RegisterController->runAction()
#1 C:\xampp\htdocs\Jdc_Blog\framework\web\CController.php(265): RegisterController->runActionWithFilters()
#2 C:\xampp\htdocs\Jdc_Blog\framework\web\CWebApplication.php(282): RegisterController->run()
#3 C:\xampp\htdocs\Jdc_Blog\framework\web\CWebApplication.php(141): CWebApplication->runController()
#4 C:\xampp\htdocs\Jdc_Blog\framework\base\CApplication.php(185): CWebApplication->processRequest()
#5 C:\xampp\htdocs\Jdc_Blog\index.php(17): CWebApplication->run()
REQUEST_URI=/Jdc_Blog/register
in C:\xampp\htdocs\Jdc_Blog\protected\controllers\RegisterController.php (31)
in C:\xampp\htdocs\Jdc_Blog\index.php (17)
